{"H:\\aqa\\unit\\constants\\constants.ts": {"path":"H:\\aqa\\unit\\constants\\constants.ts","statementMap":{"0":{"start":{"line":1,"column":13},"end":{"line":1,"column":50}},"1":{"start":{"line":2,"column":13},"end":{"line":2,"column":117}},"2":{"start":{"line":3,"column":13},"end":{"line":3,"column":null}},"3":{"start":{"line":4,"column":13},"end":{"line":4,"column":null}},"4":{"start":{"line":5,"column":13},"end":{"line":5,"column":null}},"5":{"start":{"line":6,"column":13},"end":{"line":6,"column":null}},"6":{"start":{"line":7,"column":13},"end":{"line":7,"column":null}},"7":{"start":{"line":8,"column":13},"end":{"line":8,"column":null}},"8":{"start":{"line":9,"column":13},"end":{"line":9,"column":null}}},"fnMap":{},"branchMap":{},"s":{"0":1,"1":1,"2":1,"3":1,"4":1,"5":1,"6":1,"7":1,"8":1},"f":{},"b":{}}
,"H:\\aqa\\unit\\src\\registrationForm.ts": {"path":"H:\\aqa\\unit\\src\\registrationForm.ts","statementMap":{"0":{"start":{"line":1,"column":0},"end":{"line":1,"column":225}},"1":{"start":{"line":4,"column":12},"end":{"line":4,"column":48}},"2":{"start":{"line":5,"column":12},"end":{"line":5,"column":51}},"3":{"start":{"line":8,"column":8},"end":{"line":12,"column":null}},"4":{"start":{"line":9,"column":12},"end":{"line":9,"column":null}},"5":{"start":{"line":9,"column":40},"end":{"line":9,"column":null}},"6":{"start":{"line":11,"column":12},"end":{"line":11,"column":null}},"7":{"start":{"line":16,"column":8},"end":{"line":20,"column":null}},"8":{"start":{"line":17,"column":12},"end":{"line":17,"column":null}},"9":{"start":{"line":17,"column":46},"end":{"line":17,"column":null}},"10":{"start":{"line":19,"column":12},"end":{"line":19,"column":null}},"11":{"start":{"line":24,"column":8},"end":{"line":26,"column":null}},"12":{"start":{"line":25,"column":12},"end":{"line":25,"column":47}},"13":{"start":{"line":27,"column":8},"end":{"line":29,"column":null}},"14":{"start":{"line":28,"column":12},"end":{"line":28,"column":45}},"15":{"start":{"line":30,"column":8},"end":{"line":32,"column":null}},"16":{"start":{"line":31,"column":12},"end":{"line":31,"column":49}},"17":{"start":{"line":33,"column":8},"end":{"line":33,"column":null}},"18":{"start":{"line":34,"column":8},"end":{"line":34,"column":null}},"19":{"start":{"line":38,"column":8},"end":{"line":40,"column":null}},"20":{"start":{"line":39,"column":12},"end":{"line":39,"column":47}},"21":{"start":{"line":41,"column":8},"end":{"line":43,"column":null}},"22":{"start":{"line":42,"column":12},"end":{"line":42,"column":48}},"23":{"start":{"line":44,"column":8},"end":{"line":46,"column":null}},"24":{"start":{"line":45,"column":12},"end":{"line":45,"column":52}},"25":{"start":{"line":47,"column":8},"end":{"line":47,"column":null}},"26":{"start":{"line":48,"column":8},"end":{"line":48,"column":null}},"27":{"start":{"line":3,"column":0},"end":{"line":3,"column":13}}},"fnMap":{"0":{"name":"(anonymous_0)","decl":{"start":{"line":3,"column":0},"end":{"line":3,"column":13}},"loc":{"start":{"line":3,"column":0},"end":{"line":50,"column":1}}},"1":{"name":"(anonymous_1)","decl":{"start":{"line":7,"column":11},"end":{"line":7,"column":20}},"loc":{"start":{"line":7,"column":34},"end":{"line":13,"column":5}}},"2":{"name":"(anonymous_2)","decl":{"start":{"line":15,"column":11},"end":{"line":15,"column":23}},"loc":{"start":{"line":15,"column":40},"end":{"line":21,"column":5}}},"3":{"name":"(anonymous_3)","decl":{"start":{"line":23,"column":12},"end":{"line":23,"column":22}},"loc":{"start":{"line":23,"column":36},"end":{"line":35,"column":5}}},"4":{"name":"(anonymous_4)","decl":{"start":{"line":37,"column":12},"end":{"line":37,"column":25}},"loc":{"start":{"line":37,"column":42},"end":{"line":49,"column":5}}}},"branchMap":{"0":{"loc":{"start":{"line":9,"column":12},"end":{"line":9,"column":null}},"type":"if","locations":[{"start":{"line":9,"column":12},"end":{"line":9,"column":null}}]},"1":{"loc":{"start":{"line":17,"column":12},"end":{"line":17,"column":null}},"type":"if","locations":[{"start":{"line":17,"column":12},"end":{"line":17,"column":null}}]},"2":{"loc":{"start":{"line":24,"column":8},"end":{"line":26,"column":null}},"type":"if","locations":[{"start":{"line":24,"column":8},"end":{"line":26,"column":null}}]},"3":{"loc":{"start":{"line":27,"column":8},"end":{"line":29,"column":null}},"type":"if","locations":[{"start":{"line":27,"column":8},"end":{"line":29,"column":null}}]},"4":{"loc":{"start":{"line":30,"column":8},"end":{"line":32,"column":null}},"type":"if","locations":[{"start":{"line":30,"column":8},"end":{"line":32,"column":null}}]},"5":{"loc":{"start":{"line":38,"column":8},"end":{"line":40,"column":null}},"type":"if","locations":[{"start":{"line":38,"column":8},"end":{"line":40,"column":null}}]},"6":{"loc":{"start":{"line":41,"column":8},"end":{"line":43,"column":null}},"type":"if","locations":[{"start":{"line":41,"column":8},"end":{"line":43,"column":null}}]},"7":{"loc":{"start":{"line":44,"column":8},"end":{"line":46,"column":null}},"type":"if","locations":[{"start":{"line":44,"column":8},"end":{"line":46,"column":null}}]}},"s":{"0":1,"1":8,"2":8,"3":12,"4":12,"5":6,"6":6,"7":14,"8":14,"9":4,"10":10,"11":12,"12":1,"13":11,"14":4,"15":7,"16":1,"17":6,"18":6,"19":14,"20":1,"21":13,"22":8,"23":5,"24":1,"25":4,"26":4,"27":1},"f":{"0":8,"1":12,"2":14,"3":12,"4":14},"b":{"0":[6],"1":[4],"2":[1],"3":[4],"4":[1],"5":[1],"6":[8],"7":[1]}}
}
