TN:
SF:unit\constants\constants.ts
FNF:0
FNH:0
DA:1,1
DA:2,1
DA:3,1
DA:4,1
DA:5,1
DA:6,1
DA:7,1
DA:8,1
DA:9,1
LF:9
LH:9
BRF:0
BRH:0
end_of_record
TN:
SF:unit\src\registrationForm.ts
FN:3,(anonymous_0)
FN:7,(anonymous_1)
FN:15,(anonymous_2)
FN:23,(anonymous_3)
FN:37,(anonymous_4)
FNF:5
FNH:5
FNDA:8,(anonymous_0)
FNDA:12,(anonymous_1)
FNDA:14,(anonymous_2)
FNDA:12,(anonymous_3)
FNDA:14,(anonymous_4)
DA:1,1
DA:3,1
DA:4,8
DA:5,8
DA:8,12
DA:9,12
DA:11,6
DA:16,14
DA:17,14
DA:19,10
DA:24,12
DA:25,1
DA:27,11
DA:28,4
DA:30,7
DA:31,1
DA:33,6
DA:34,6
DA:38,14
DA:39,1
DA:41,13
DA:42,8
DA:44,5
DA:45,1
DA:47,4
DA:48,4
LF:26
LH:26
BRDA:9,0,0,6
BRDA:17,1,0,4
BRDA:24,2,0,1
BRDA:27,3,0,4
BRDA:30,4,0,1
BRDA:38,5,0,1
BRDA:41,6,0,8
BRDA:44,7,0,1
BRF:8
BRH:8
end_of_record
